<?xml version="1.0" encoding="UTF-8"?>
<testsuite xmlns:xsi="http://www.w3.org/2001/XMLSchema-instance" xsi:noNamespaceSchemaLocation="https://maven.apache.org/surefire/maven-surefire-plugin/xsd/surefire-test-report-3.0.xsd" version="3.0" name="org.example.unidad3.examen.ejercicio04.AnalizadorNumericoTest" time="0.061" tests="13" errors="6" skipped="0" failures="6">
  <properties>
[...]
</properties>
  <testcase name="contarSignosDeberiaLanzarIllegalArgumentExceptionSiArrayNull" classname="org.example.unidad3.examen.ejercicio04.AnalizadorNumericoTest" time="0.002">
    <failure message="Expected java.lang.IllegalArgumentException to be thrown, but nothing was thrown." type="org.opentest4j.AssertionFailedError"><![CDATA[org.opentest4j.AssertionFailedError: Expected java.lang.IllegalArgumentException to be thrown, but nothing was thrown.
	at org.junit.jupiter.api.AssertionFailureBuilder.build(AssertionFailureBuilder.java:152)
	at org.junit.jupiter.api.AssertThrows.assertThrows(AssertThrows.java:73)
	at org.junit.jupiter.api.AssertThrows.assertThrows(AssertThrows.java:35)
	at org.junit.jupiter.api.Assertions.assertThrows(Assertions.java:3111)
	at org.example.unidad3.examen.ejercicio04.AnalizadorNumericoTest.contarSignosDeberiaLanzarIllegalArgumentExceptionSiArrayNull(AnalizadorNumericoTest.java:40)
	at java.base/java.lang.reflect.Method.invoke(Method.java:569)
	at java.base/java.util.ArrayList.forEach(ArrayList.java:1511)
	at java.base/java.util.ArrayList.forEach(ArrayList.java:1511)
]]></failure>
  </testcase>
  <testcase name="calcularParesImparesDeberiaFuncionarSiRangoEsUnSoloNumero" classname="org.example.unidad3.examen.ejercicio04.AnalizadorNumericoTest" time="0.006">
    <error message="Cannot invoke &quot;org.docencia.unidad3.examen.ejercicio04.AnalizadorNumerico$ParesImpares.getPares()&quot; because &quot;resultado&quot; is null" type="java.lang.NullPointerException"><![CDATA[java.lang.NullPointerException: Cannot invoke "org.docencia.unidad3.examen.ejercicio04.AnalizadorNumerico$ParesImpares.getPares()" because "resultado" is null
	at org.example.unidad3.examen.ejercicio04.AnalizadorNumericoTest.calcularParesImparesDeberiaFuncionarSiRangoEsUnSoloNumero(AnalizadorNumericoTest.java:87)
	at java.base/java.lang.reflect.Method.invoke(Method.java:569)
	at java.base/java.util.ArrayList.forEach(ArrayList.java:1511)
	at java.base/java.util.ArrayList.forEach(ArrayList.java:1511)
]]></error>
  </testcase>
  <testcase name="contarSignosDeberiaContarCorrectamentePositivosNegativosYCeros" classname="org.example.unidad3.examen.ejercicio04.AnalizadorNumericoTest" time="0.001">
    <error message="Cannot invoke &quot;org.docencia.unidad3.examen.ejercicio04.AnalizadorNumerico$ContadorSignos.getPositivos()&quot; because &quot;contador&quot; is null" type="java.lang.NullPointerException"><![CDATA[java.lang.NullPointerException: Cannot invoke "org.docencia.unidad3.examen.ejercicio04.AnalizadorNumerico$ContadorSignos.getPositivos()" because "contador" is null
	at org.example.unidad3.examen.ejercicio04.AnalizadorNumericoTest.contarSignosDeberiaContarCorrectamentePositivosNegativosYCeros(AnalizadorNumericoTest.java:22)
	at java.base/java.lang.reflect.Method.invoke(Method.java:569)
	at java.base/java.util.ArrayList.forEach(ArrayList.java:1511)
	at java.base/java.util.ArrayList.forEach(ArrayList.java:1511)
]]></error>
  </testcase>
  <testcase name="calcularParesImparesDeberiaFuncionarSiAEsMayorQueB" classname="org.example.unidad3.examen.ejercicio04.AnalizadorNumericoTest" time="0.0">
    <error message="Cannot invoke &quot;org.docencia.unidad3.examen.ejercicio04.AnalizadorNumerico$ParesImpares.getPares()&quot; because &quot;resultado&quot; is null" type="java.lang.NullPointerException"><![CDATA[java.lang.NullPointerException: Cannot invoke "org.docencia.unidad3.examen.ejercicio04.AnalizadorNumerico$ParesImpares.getPares()" because "resultado" is null
	at org.example.unidad3.examen.ejercicio04.AnalizadorNumericoTest.calcularParesImparesDeberiaFuncionarSiAEsMayorQueB(AnalizadorNumericoTest.java:63)
	at java.base/java.lang.reflect.Method.invoke(Method.java:569)
	at java.base/java.util.ArrayList.forEach(ArrayList.java:1511)
	at java.base/java.util.ArrayList.forEach(ArrayList.java:1511)
]]></error>
  </testcase>
  <testcase name="contadorSignosEqualsYHashCodeDeberianFuncionarParaObjetosIguales" classname="org.example.unidad3.examen.ejercicio04.AnalizadorNumericoTest" time="0.0">
    <failure message="expected: &lt;org.docencia.unidad3.examen.ejercicio04.AnalizadorNumerico$ContadorSignos@5f683daf&gt; but was: &lt;org.docencia.unidad3.examen.ejercicio04.AnalizadorNumerico$ContadorSignos@78ffe6dc&gt;" type="org.opentest4j.AssertionFailedError"><![CDATA[org.opentest4j.AssertionFailedError: expected: <org.docencia.unidad3.examen.ejercicio04.AnalizadorNumerico$ContadorSignos@5f683daf> but was: <org.docencia.unidad3.examen.ejercicio04.AnalizadorNumerico$ContadorSignos@78ffe6dc>
	at org.junit.jupiter.api.AssertionFailureBuilder.build(AssertionFailureBuilder.java:151)
	at org.junit.jupiter.api.AssertionFailureBuilder.buildAndThrow(AssertionFailureBuilder.java:132)
	at org.junit.jupiter.api.AssertEquals.failNotEqual(AssertEquals.java:197)
	at org.junit.jupiter.api.AssertEquals.assertEquals(AssertEquals.java:182)
	at org.junit.jupiter.api.AssertEquals.assertEquals(AssertEquals.java:177)
	at org.junit.jupiter.api.Assertions.assertEquals(Assertions.java:1141)
	at org.example.unidad3.examen.ejercicio04.AnalizadorNumericoTest.contadorSignosEqualsYHashCodeDeberianFuncionarParaObjetosIguales(AnalizadorNumericoTest.java:136)
	at java.base/java.lang.reflect.Method.invoke(Method.java:569)
	at java.base/java.util.ArrayList.forEach(ArrayList.java:1511)
	at java.base/java.util.ArrayList.forEach(ArrayList.java:1511)
]]></failure>
  </testcase>
  <testcase name="contarPrimosDeberiaIgnorarNumerosMenoresOIgualesA1" classname="org.example.unidad3.examen.ejercicio04.AnalizadorNumericoTest" time="0.006">
    <failure message="expected: &lt;3&gt; but was: &lt;0&gt;" type="org.opentest4j.AssertionFailedError"><![CDATA[org.opentest4j.AssertionFailedError: expected: <3> but was: <0>
	at org.junit.jupiter.api.AssertionFailureBuilder.build(AssertionFailureBuilder.java:151)
	at org.junit.jupiter.api.AssertionFailureBuilder.buildAndThrow(AssertionFailureBuilder.java:132)
	at org.junit.jupiter.api.AssertEquals.failNotEqual(AssertEquals.java:197)
	at org.junit.jupiter.api.AssertEquals.assertEquals(AssertEquals.java:150)
	at org.junit.jupiter.api.AssertEquals.assertEquals(AssertEquals.java:145)
	at org.junit.jupiter.api.Assertions.assertEquals(Assertions.java:527)
	at org.example.unidad3.examen.ejercicio04.AnalizadorNumericoTest.contarPrimosDeberiaIgnorarNumerosMenoresOIgualesA1(AnalizadorNumericoTest.java:109)
	at java.base/java.lang.reflect.Method.invoke(Method.java:569)
	at java.base/java.util.ArrayList.forEach(ArrayList.java:1511)
	at java.base/java.util.ArrayList.forEach(ArrayList.java:1511)
]]></failure>
  </testcase>
  <testcase name="contarPrimosDeberiaSerCeroSiNoHayPrimosEnElRango" classname="org.example.unidad3.examen.ejercicio04.AnalizadorNumericoTest" time="0.002"/>
  <testcase name="contarSignosDeberiaDevolverTodoCerosSiArrayVacio" classname="org.example.unidad3.examen.ejercicio04.AnalizadorNumericoTest" time="0.001">
    <error message="Cannot invoke &quot;org.docencia.unidad3.examen.ejercicio04.AnalizadorNumerico$ContadorSignos.getPositivos()&quot; because &quot;contador&quot; is null" type="java.lang.NullPointerException"><![CDATA[java.lang.NullPointerException: Cannot invoke "org.docencia.unidad3.examen.ejercicio04.AnalizadorNumerico$ContadorSignos.getPositivos()" because "contador" is null
	at org.example.unidad3.examen.ejercicio04.AnalizadorNumericoTest.contarSignosDeberiaDevolverTodoCerosSiArrayVacio(AnalizadorNumericoTest.java:33)
	at java.base/java.lang.reflect.Method.invoke(Method.java:569)
	at java.base/java.util.ArrayList.forEach(ArrayList.java:1511)
	at java.base/java.util.ArrayList.forEach(ArrayList.java:1511)
]]></error>
  </testcase>
  <testcase name="calcularParesImparesDeberiaFuncionarConRangoNegativo" classname="org.example.unidad3.examen.ejercicio04.AnalizadorNumericoTest" time="0.004">
    <error message="Cannot invoke &quot;org.docencia.unidad3.examen.ejercicio04.AnalizadorNumerico$ParesImpares.getPares()&quot; because &quot;resultado&quot; is null" type="java.lang.NullPointerException"><![CDATA[java.lang.NullPointerException: Cannot invoke "org.docencia.unidad3.examen.ejercicio04.AnalizadorNumerico$ParesImpares.getPares()" because "resultado" is null
	at org.example.unidad3.examen.ejercicio04.AnalizadorNumericoTest.calcularParesImparesDeberiaFuncionarConRangoNegativo(AnalizadorNumericoTest.java:75)
	at java.base/java.lang.reflect.Method.invoke(Method.java:569)
	at java.base/java.util.ArrayList.forEach(ArrayList.java:1511)
	at java.base/java.util.ArrayList.forEach(ArrayList.java:1511)
]]></error>
  </testcase>
  <testcase name="contarPrimosDeberiaFuncionarSiAEsMayorQueB" classname="org.example.unidad3.examen.ejercicio04.AnalizadorNumericoTest" time="0.001">
    <failure message="expected: &lt;4&gt; but was: &lt;0&gt;" type="org.opentest4j.AssertionFailedError"><![CDATA[org.opentest4j.AssertionFailedError: expected: <4> but was: <0>
	at org.junit.jupiter.api.AssertionFailureBuilder.build(AssertionFailureBuilder.java:151)
	at org.junit.jupiter.api.AssertionFailureBuilder.buildAndThrow(AssertionFailureBuilder.java:132)
	at org.junit.jupiter.api.AssertEquals.failNotEqual(AssertEquals.java:197)
	at org.junit.jupiter.api.AssertEquals.assertEquals(AssertEquals.java:150)
	at org.junit.jupiter.api.AssertEquals.assertEquals(AssertEquals.java:145)
	at org.junit.jupiter.api.Assertions.assertEquals(Assertions.java:527)
	at org.example.unidad3.examen.ejercicio04.AnalizadorNumericoTest.contarPrimosDeberiaFuncionarSiAEsMayorQueB(AnalizadorNumericoTest.java:117)
	at java.base/java.lang.reflect.Method.invoke(Method.java:569)
	at java.base/java.util.ArrayList.forEach(ArrayList.java:1511)
	at java.base/java.util.ArrayList.forEach(ArrayList.java:1511)
]]></failure>
  </testcase>
  <testcase name="paresImparesEqualsYHashCodeDeberianFuncionarParaObjetosIguales" classname="org.example.unidad3.examen.ejercicio04.AnalizadorNumericoTest" time="0.007">
    <failure message="expected: &lt;org.docencia.unidad3.examen.ejercicio04.AnalizadorNumerico$ParesImpares@2cdd0d4b&gt; but was: &lt;org.docencia.unidad3.examen.ejercicio04.AnalizadorNumerico$ParesImpares@7e9131d5&gt;" type="org.opentest4j.AssertionFailedError"><![CDATA[org.opentest4j.AssertionFailedError: expected: <org.docencia.unidad3.examen.ejercicio04.AnalizadorNumerico$ParesImpares@2cdd0d4b> but was: <org.docencia.unidad3.examen.ejercicio04.AnalizadorNumerico$ParesImpares@7e9131d5>
	at org.junit.jupiter.api.AssertionFailureBuilder.build(AssertionFailureBuilder.java:151)
	at org.junit.jupiter.api.AssertionFailureBuilder.buildAndThrow(AssertionFailureBuilder.java:132)
	at org.junit.jupiter.api.AssertEquals.failNotEqual(AssertEquals.java:197)
	at org.junit.jupiter.api.AssertEquals.assertEquals(AssertEquals.java:182)
	at org.junit.jupiter.api.AssertEquals.assertEquals(AssertEquals.java:177)
	at org.junit.jupiter.api.Assertions.assertEquals(Assertions.java:1141)
	at org.example.unidad3.examen.ejercicio04.AnalizadorNumericoTest.paresImparesEqualsYHashCodeDeberianFuncionarParaObjetosIguales(AnalizadorNumericoTest.java:147)
	at java.base/java.lang.reflect.Method.invoke(Method.java:569)
	at java.base/java.util.ArrayList.forEach(ArrayList.java:1511)
	at java.base/java.util.ArrayList.forEach(ArrayList.java:1511)
]]></failure>
  </testcase>
  <testcase name="calcularParesImparesDeberiaSepararCorrectamenteEnRangoPositivo" classname="org.example.unidad3.examen.ejercicio04.AnalizadorNumericoTest" time="0.003">
    <error message="Cannot invoke &quot;org.docencia.unidad3.examen.ejercicio04.AnalizadorNumerico$ParesImpares.getPares()&quot; because &quot;resultado&quot; is null" type="java.lang.NullPointerException"><![CDATA[java.lang.NullPointerException: Cannot invoke "org.docencia.unidad3.examen.ejercicio04.AnalizadorNumerico$ParesImpares.getPares()" because "resultado" is null
	at org.example.unidad3.examen.ejercicio04.AnalizadorNumericoTest.calcularParesImparesDeberiaSepararCorrectamenteEnRangoPositivo(AnalizadorNumericoTest.java:51)
	at java.base/java.lang.reflect.Method.invoke(Method.java:569)
	at java.base/java.util.ArrayList.forEach(ArrayList.java:1511)
	at java.base/java.util.ArrayList.forEach(ArrayList.java:1511)
]]></error>
  </testcase>
  <testcase name="contarPrimosDeberiaContarPrimosDelUnoAlDiez" classname="org.example.unidad3.examen.ejercicio04.AnalizadorNumericoTest" time="0.007">
    <failure message="expected: &lt;4&gt; but was: &lt;0&gt;" type="org.opentest4j.AssertionFailedError"><![CDATA[org.opentest4j.AssertionFailedError: expected: <4> but was: <0>
	at org.junit.jupiter.api.AssertionFailureBuilder.build(AssertionFailureBuilder.java:151)
	at org.junit.jupiter.api.AssertionFailureBuilder.buildAndThrow(AssertionFailureBuilder.java:132)
	at org.junit.jupiter.api.AssertEquals.failNotEqual(AssertEquals.java:197)
	at org.junit.jupiter.api.AssertEquals.assertEquals(AssertEquals.java:150)
	at org.junit.jupiter.api.AssertEquals.assertEquals(AssertEquals.java:145)
	at org.junit.jupiter.api.Assertions.assertEquals(Assertions.java:527)
	at org.example.unidad3.examen.ejercicio04.AnalizadorNumericoTest.contarPrimosDeberiaContarPrimosDelUnoAlDiez(AnalizadorNumericoTest.java:101)
	at java.base/java.lang.reflect.Method.invoke(Method.java:569)
	at java.base/java.util.ArrayList.forEach(ArrayList.java:1511)
	at java.base/java.util.ArrayList.forEach(ArrayList.java:1511)
]]></failure>
  </testcase>
</testsuite>