-------------------------------------------------------------------------------
Test set: com.docencia.listas.ejercicio04.Ejercicio04Test
-------------------------------------------------------------------------------
Tests run: 1, Failures: 0, Errors: 1, Skipped: 0, Time elapsed: 0.003 s <<< FAILURE! -- in com.docencia.listas.ejercicio04.Ejercicio04Test
com.docencia.listas.ejercicio04.Ejercicio04Test.reemplazarNombres -- Time elapsed: 0.001 s <<< ERROR!
java.lang.UnsupportedOperationException: Por implementar
	at com.docencia.listas.ejercicio04.Ejercicio04.reemplazar(Ejercicio04.java:11)
	at com.docencia.listas.ejercicio04.Ejercicio04Test.reemplazarNombres(Ejercicio04Test.java:17)
	at java.base/java.lang.reflect.Method.invoke(Method.java:569)
	at java.base/java.util.ArrayList.forEach(ArrayList.java:1511)
	at java.base/java.util.ArrayList.forEach(ArrayList.java:1511)

