-------------------------------------------------------------------------------
Test set: com.docencia.listas.ejercicio03.Ejercicio03Test
-------------------------------------------------------------------------------
Tests run: 1, Failures: 0, Errors: 1, Skipped: 0, Time elapsed: 0.005 s <<< FAILURE! -- in com.docencia.listas.ejercicio03.Ejercicio03Test
com.docencia.listas.ejercicio03.Ejercicio03Test.sinDuplicadosMantieneOrden -- Time elapsed: 0.003 s <<< ERROR!
java.lang.UnsupportedOperationException: Por implementar
	at com.docencia.listas.ejercicio03.Ejercicio03.sinDuplicados(Ejercicio03.java:11)
	at com.docencia.listas.ejercicio03.Ejercicio03Test.sinDuplicadosMantieneOrden(Ejercicio03Test.java:16)
	at java.base/java.lang.reflect.Method.invoke(Method.java:569)
	at java.base/java.util.ArrayList.forEach(ArrayList.java:1511)
	at java.base/java.util.ArrayList.forEach(ArrayList.java:1511)

