-------------------------------------------------------------------------------
Test set: com.docencia.listas.ejercicio06.Ejercicio06Test
-------------------------------------------------------------------------------
Tests run: 1, Failures: 0, Errors: 1, Skipped: 0, Time elapsed: 0.008 s <<< FAILURE! -- in com.docencia.listas.ejercicio06.Ejercicio06Test
com.docencia.listas.ejercicio06.Ejercicio06Test.filtrarMayoresQue -- Time elapsed: 0.007 s <<< ERROR!
java.lang.UnsupportedOperationException: Por implementar
	at com.docencia.listas.ejercicio06.Ejercicio06.filtrarMayoresQue(Ejercicio06.java:11)
	at com.docencia.listas.ejercicio06.Ejercicio06Test.filtrarMayoresQue(Ejercicio06Test.java:16)
	at java.base/java.lang.reflect.Method.invoke(Method.java:569)
	at java.base/java.util.ArrayList.forEach(ArrayList.java:1511)
	at java.base/java.util.ArrayList.forEach(ArrayList.java:1511)

