-------------------------------------------------------------------------------
Test set: com.docencia.listas.ejercicio05.Ejercicio05Test
-------------------------------------------------------------------------------
Tests run: 1, Failures: 0, Errors: 1, Skipped: 0, Time elapsed: 0.003 s <<< FAILURE! -- in com.docencia.listas.ejercicio05.Ejercicio05Test
com.docencia.listas.ejercicio05.Ejercicio05Test.invertirLista -- Time elapsed: 0.001 s <<< ERROR!
java.lang.UnsupportedOperationException: Por implementar
	at com.docencia.listas.ejercicio05.Ejercicio05.invertir(Ejercicio05.java:11)
	at com.docencia.listas.ejercicio05.Ejercicio05Test.invertirLista(Ejercicio05Test.java:17)
	at java.base/java.lang.reflect.Method.invoke(Method.java:569)
	at java.base/java.util.ArrayList.forEach(ArrayList.java:1511)
	at java.base/java.util.ArrayList.forEach(ArrayList.java:1511)

